dR =  -0.02834589186847592 bohr =  -0.0014999999999999998 nm
Numerical forces
[0.00308812 0.00475043 0.00642803 0.00813116 0.00986556 0.01162945 0.01342044]
[-0.07627823 -0.07043886 -0.06430163 -0.05773368 -0.05057952 -0.04274279 -0.03410657]
[0.00155036 0.00360507 0.00567825 0.00777329 0.0098564  0.01194742 0.0140456 ]
Analytical forces
[0.00311106 0.00475616 0.00642969 0.00813234 0.00986499 0.01162831 0.0134226 ]
[-0.07627828 -0.07043884 -0.06430191 -0.05773258 -0.05059656 -0.04276096 -0.0340918 ]
[0.00154803 0.00361986 0.00569375 0.00777245 0.00985662 0.01194733 0.01404544]
Difference forces
[ 2.29390801e-05  5.73146315e-06  1.65992493e-06  1.17470727e-06 -5.68602287e-07 -1.14873795e-06  2.16587550e-06]
[-4.92777869e-08  2.16704652e-08 -2.77337541e-07  1.09563961e-06 -1.70393978e-05 -1.81680616e-05  1.47615824e-05]
[-2.33298219e-06  1.47882826e-05  1.54964190e-05 -8.35566905e-07  2.14526428e-07 -8.99417962e-08 -1.60759238e-07]
Numerical MM forces
[0.00438449 0.00578008 0.00719901 0.00864582 0.01013057 0.0116479  0.01319544]
[-0.07229481 -0.06720642 -0.06177907 -0.05587933 -0.04936141 -0.04211941 -0.03403199]
[0.00674847 0.00854815 0.01034967 0.01215689 0.01394265 0.01572356 0.01749933]
Analytical MM forces
[0.00440332 0.00578634 0.00720084 0.00864796 0.0101291  0.0116454  0.01319763]
[-0.07229483 -0.06720633 -0.06177961 -0.05588056 -0.04937573 -0.04213306 -0.03402001]
[0.00674643 0.00856079 0.01036341 0.01215716 0.01394329 0.01572344 0.01749906]
Difference MM forces
[ 1.88281422e-05  6.26446238e-06  1.83159538e-06  2.13519079e-06 -1.47223872e-06 -2.49925816e-06  2.18730923e-06]
[-2.38183296e-08  9.45882564e-08 -5.47149149e-07 -1.22975708e-06 -1.43203727e-05 -1.36433623e-05  1.19797228e-05]
[-2.03912449e-06  1.26349763e-05  1.37439673e-05  2.69445003e-07  6.44317897e-07 -1.24199584e-07 -2.69563297e-07]
Difference without MM forces
[ 4.11093788e-06 -5.32999224e-07 -1.71670459e-07 -9.60483526e-07  9.03636430e-07  1.35052021e-06 -2.14337332e-08]
[-2.54594573e-08 -7.29177912e-08  2.69811609e-07  2.32539669e-06 -2.71902512e-06 -4.52469931e-06  2.78185957e-06]
[-2.93857704e-07  2.15330632e-06  1.75245169e-06 -1.10501191e-06 -4.29791470e-07  3.42577878e-08  1.08804060e-07]
R_vals
[ 0.0045  0.003   0.0015  0.     -0.0015 -0.003  -0.0045]