Numerical forces
[-0.08491985 -0.05780459 -0.03292237 -0.0100039   0.01082689  0.0300011   0.04759287]
[-0.05043125 -0.03571505 -0.02132756 -0.00769845  0.00542185  0.01794269  0.02993459]
[-0.04415237 -0.03801848 -0.03159519 -0.02508839 -0.01810296 -0.01093162 -0.00356049]
Analytical forces
[-0.08492673 -0.05773063 -0.03292613 -0.01006851  0.01082386  0.03001265  0.04752613]
[-0.05046971 -0.0355799  -0.0213803  -0.00774265  0.00544971  0.01795864  0.02996178]
[-0.04387409 -0.03794206 -0.03171051 -0.02510206 -0.0181843  -0.01103925 -0.00368831]
Difference forces
[-6.88640594e-06  7.39606177e-05 -3.76686237e-06 -6.46055741e-05 -3.03709966e-06  1.15557619e-05 -6.67417127e-05]
[-3.84526710e-05  1.35151472e-04 -5.27450113e-05 -4.42027706e-05  2.78593985e-05  1.59527265e-05  2.71945571e-05]
[ 2.78284200e-04  7.64183654e-05 -1.15315559e-04 -1.36756261e-05 -8.13436273e-05 -1.07623941e-04 -1.27825048e-04]
Numerical QM forces
[-0.07928181 -0.05270481 -0.02835593 -0.00607048  0.01430034  0.032891    0.04982306]
[-0.05552619 -0.0418907  -0.02887761 -0.0164759  -0.00467081  0.0065555   0.01722339]
[-0.02811024 -0.02356473 -0.01863154 -0.01333691 -0.0077087  -0.00177598  0.00443122]
Analytical QM forces
[-0.07928246 -0.05270539 -0.02835646 -0.00607096  0.01429992  0.03289062  0.04982273]
[-0.05552602 -0.04189055 -0.02887748 -0.0164758  -0.00467074  0.00655557  0.01722344]
[-0.02811031 -0.02356479 -0.01863157 -0.01333696 -0.00770874 -0.001776    0.00443121]
Difference QM forces
[-6.49545371e-07 -5.88026748e-07 -5.35464590e-07 -4.79001997e-07 -4.24957820e-07 -3.80985120e-07 -3.36256158e-07]
[1.74916940e-07 1.49556262e-07 1.32964916e-07 9.94547508e-08 7.68034907e-08 6.53542213e-08 5.04051137e-08]
[-6.67903474e-08 -5.86242359e-08 -3.47788524e-08 -4.48475878e-08 -4.74708029e-08 -2.45127860e-08 -1.56634586e-08]
Difference without QM forces
[-6.23686057e-06  7.45486444e-05 -3.23139778e-06 -6.41265721e-05 -2.61214184e-06  1.19367470e-05 -6.64054565e-05]
[-3.86275879e-05  1.35001916e-04 -5.28779762e-05 -4.43022253e-05  2.77825950e-05  1.58873723e-05  2.71441520e-05]
[ 2.78350990e-04  7.64769896e-05 -1.15280780e-04 -1.36307785e-05 -8.12961565e-05 -1.07599428e-04 -1.27809384e-04]
R_vals
[ 0.0045  0.003   0.0015  0.     -0.0015 -0.003  -0.0045]
dR =  -0.02834589186847592 bohr =  -0.0014999999999999998 nm