dR =  -0.02834589186847592 bohr =  -0.0014999999999999998 nm
Numerical forces
[0.0030877  0.00476509 0.00643663 0.00812323 0.00986401 0.01162463 0.01341874]
[-0.07626998 -0.07043815 -0.06430585 -0.05773462 -0.0505798  -0.04274417 -0.03411679]
[0.00155253 0.00360287 0.00568136 0.00778081 0.00985607 0.01194316 0.01404825]
Analytical forces
[0.00312975 0.00480713 0.00645075 0.00817683 0.00988915 0.01158782 0.01337153]
[-0.07634769 -0.07035236 -0.0642202  -0.05770216 -0.05052449 -0.04268044 -0.0340082 ]
[0.00144365 0.00352766 0.00565013 0.00773811 0.00981933 0.01192504 0.01397759]
Difference forces
[ 4.20471176e-05  4.20419345e-05  1.41268657e-05  5.36022848e-05  2.51433140e-05 -3.68021774e-05 -4.72112380e-05]
[-7.77108682e-05  8.57939045e-05  8.56514440e-05  3.24522288e-05  5.53061955e-05  6.37302698e-05  1.08592432e-04]
[-1.08881682e-04 -7.52078737e-05 -3.12328912e-05 -4.26943509e-05 -3.67408766e-05 -1.81208612e-05 -7.06625199e-05]
Numerical MM forces
[0.00438324 0.00578177 0.00720012 0.0086425  0.01012839 0.01164847 0.01319599]
[-0.07229319 -0.06720756 -0.06178423 -0.05587757 -0.04935923 -0.04212046 -0.03403443]
[0.0067457  0.00854071 0.01035372 0.0121647  0.01393936 0.01572258 0.01750422]
Analytical MM forces
[0.00440334 0.00578633 0.00720082 0.00864795 0.0101291  0.01164541 0.01319759]
[-0.07229479 -0.06720624 -0.06177959 -0.05588049 -0.0493756  -0.042133   -0.03401988]
[0.00674635 0.00856071 0.01036336 0.01215711 0.01394326 0.01572342 0.01749906]
Difference MM forces
[ 2.00995273e-05  4.55836962e-06  7.04415655e-07  5.44676578e-06  7.11044980e-07 -3.06164866e-06  1.60155976e-06]
[-1.59704910e-06  1.31656771e-06  4.63860480e-06 -2.91395853e-06 -1.63715303e-05 -1.25401980e-05  1.45438904e-05]
[ 6.45845344e-07  2.00078104e-05  9.64011318e-06 -7.59104067e-06  3.90596331e-06  8.48278568e-07 -5.16211543e-06]
Difference without MM forces
[ 2.19475903e-05  3.74835649e-05  1.34224501e-05  4.81555190e-05  2.44322690e-05 -3.37405288e-05 -4.88127978e-05]
[-7.61138191e-05  8.44773368e-05  8.10128392e-05  3.53661873e-05  7.16777258e-05  7.62704678e-05  9.40485414e-05]
[-1.09527528e-04 -9.52156841e-05 -4.08730044e-05 -3.51033102e-05 -4.06468399e-05 -1.89691398e-05 -6.55004044e-05]
R_vals
[ 0.0045  0.003   0.0015  0.     -0.0015 -0.003  -0.0045]