dR =  -0.02834589186847592 bohr =  -0.0014999999999999998 nm
Numerical forces
[0.00307919 0.00473369 0.00638109 0.00810934 0.00984192 0.01157498 0.01339697]
[-0.07629817 -0.07046671 -0.06432341 -0.05773608 -0.05062012 -0.04277577 -0.03410967]
[0.00144976 0.00349262 0.00555091 0.00767367 0.00974982 0.01181067 0.01394884]
Analytical forces
[0.00310493 0.00475922 0.0064067  0.00813856 0.00989831 0.01166929 0.01334011]
[-0.07625255 -0.07042999 -0.06429788 -0.05772138 -0.05054707 -0.04269857 -0.03402753]
[0.00132321 0.0034068  0.00549648 0.00760862 0.00971085 0.01179979 0.01388075]
Difference forces
[ 2.57458331e-05  2.55284965e-05  2.56117675e-05  2.92198178e-05  5.63902653e-05  9.43073648e-05 -5.68524605e-05]
[4.56239067e-05 3.67225186e-05 2.55299462e-05 1.47026258e-05 7.30411019e-05 7.71995897e-05 8.21383619e-05]
[-1.26549798e-04 -8.58190552e-05 -5.44275749e-05 -6.50571555e-05 -3.89682773e-05 -1.08787172e-05 -6.80856662e-05]
Numerical MM forces
[0.00437945 0.00576948 0.00717992 0.00862731 0.01010333 0.01161563 0.01318381]
[-0.07225925 -0.06718609 -0.06177675 -0.05585715 -0.04936545 -0.04211445 -0.03399897]
[0.00666316 0.00846473 0.01025438 0.01206246 0.01384308 0.01561984 0.01742419]
Analytical MM forces
[0.00438482 0.00576739 0.00718097 0.00862717 0.01010739 0.01162271 0.01317389]
[-0.07228064 -0.06719149 -0.06176423 -0.05586451 -0.04935907 -0.04211547 -0.03400168]
[0.00664236 0.00845867 0.01026368 0.0120593  0.01384731 0.01562934 0.01740683]
Difference MM forces
[ 5.37404838e-06 -2.09431586e-06  1.05091680e-06 -1.47211731e-07  4.05898424e-06  7.07559457e-06 -9.91567385e-06]
[-2.13910130e-05 -5.39947212e-06  1.25224287e-05 -7.36250028e-06  6.37152065e-06 -1.02679158e-06 -2.70995342e-06]
[-2.07965619e-05 -6.05372371e-06  9.29750759e-06 -3.16348036e-06  4.23059459e-06  9.50369970e-06 -1.73562223e-05]
Difference without MM forces
[ 2.03717847e-05  2.76228124e-05  2.45608507e-05  2.93670296e-05  5.23312810e-05  8.72317702e-05 -4.69367867e-05]
[6.70149197e-05 4.21219907e-05 1.30075175e-05 2.20651261e-05 6.66695813e-05 7.82263813e-05 8.48483153e-05]
[-1.05753236e-04 -7.97653315e-05 -6.37250825e-05 -6.18936752e-05 -4.31988719e-05 -2.03824169e-05 -5.07294439e-05]
R_vals
[ 0.0045  0.003   0.0015  0.     -0.0015 -0.003  -0.0045]