dR =  -0.02834589186847592 bohr =  -0.0014999999999999998 nm
Numerical forces
[0.00310968 0.00475706 0.00642003 0.00813426 0.00987902 0.0116215  0.01341981]
[-0.07627166 -0.07044036 -0.0643091  -0.05774072 -0.05057835 -0.04276295 -0.03411134]
[0.00154129 0.00360837 0.00569674 0.00779093 0.00986654 0.01194453 0.01403208]
Analytical forces
[0.0031286  0.0048059  0.00645174 0.00817723 0.00988937 0.01158839 0.01337221]
[-0.07634816 -0.07035218 -0.06422024 -0.05770324 -0.05052574 -0.04267965 -0.0340083 ]
[0.00144273 0.00352797 0.00565089 0.00773789 0.00981991 0.0119249  0.01397743]
Difference forces
[ 1.89277569e-05  4.88405273e-05  3.17059801e-05  4.29653602e-05  1.03482781e-05 -3.31112941e-05 -4.75971127e-05]
[-7.65029402e-05  8.81865717e-05  8.88575415e-05  3.74810415e-05  5.26096818e-05  8.32987557e-05  1.03039945e-04]
[-9.85517169e-05 -8.03942381e-05 -4.58494567e-05 -5.30379013e-05 -4.66338323e-05 -1.96371548e-05 -5.46449205e-05]
Numerical MM forces
[0.0044032  0.005781   0.00720364 0.008645   0.01012836 0.01164357 0.01320542]
[-0.07229589 -0.067208   -0.06178129 -0.05588544 -0.04937419 -0.04213384 -0.03402217]
[0.00674041 0.00855567 0.01036575 0.01216479 0.01394188 0.01572052 0.01749672]
Analytical MM forces
[0.00440309 0.00578646 0.00720087 0.00864796 0.0101291  0.01164538 0.01319757]
[-0.07229522 -0.06720668 -0.06178004 -0.05588097 -0.04937618 -0.04213326 -0.03402024]
[0.00674576 0.00856011 0.01036317 0.01215687 0.01394299 0.01572314 0.01749878]
Difference MM forces
[-1.02173408e-07  5.45701729e-06 -2.77036901e-06  2.96207229e-06  7.40911055e-07  1.81369776e-06 -7.84828531e-06]
[ 6.74412900e-07  1.32285529e-06  1.25205151e-06  4.47676757e-06 -1.98988708e-06  5.82149281e-07  1.93049667e-06]
[ 5.34712107e-06  4.43227600e-06 -2.58146776e-06 -7.92250627e-06  1.10900873e-06  2.61809984e-06  2.05932401e-06]
Difference without MM forces
[ 1.90299303e-05  4.33835100e-05  3.44763491e-05  4.00032879e-05  9.60736709e-06 -3.49249919e-05 -3.97488274e-05]
[-7.71773531e-05  8.68637164e-05  8.76054900e-05  3.30042740e-05  5.45995689e-05  8.27166064e-05  1.01109448e-04]
[-1.03898838e-04 -8.48265141e-05 -4.32679889e-05 -4.51153950e-05 -4.77428410e-05 -2.22552546e-05 -5.67042445e-05]
R_vals
[ 0.0045  0.003   0.0015  0.     -0.0015 -0.003  -0.0045]
