Numerical forces
[-0.0848552  -0.05773589 -0.03284692 -0.01001986  0.01089625  0.03003607  0.04752309]
[-0.05040132 -0.03557122 -0.02133057 -0.00767178  0.00541688  0.01795224  0.02997346]
[-0.04402704 -0.0380715  -0.03174447 -0.02509851 -0.0181732  -0.01099436 -0.0035813 ]
Analytical forces
[-0.08485497 -0.05773666 -0.03284689 -0.01001948  0.01089608  0.03003573  0.04752258]
[-0.0504002  -0.03557039 -0.02133021 -0.0076716   0.00541813  0.01795146  0.02997334]
[-0.04402703 -0.03807234 -0.03174447 -0.02509892 -0.01817392 -0.01099471 -0.00358135]
Difference forces
[ 2.24467747e-07 -7.70366954e-07  2.73487484e-08  3.76935995e-07 -1.70474735e-07 -3.40778223e-07 -5.09055169e-07]
[ 1.12419426e-06  8.27888991e-07  3.54420158e-07  1.79366391e-07  1.25269706e-06 -7.72883407e-07 -1.19440967e-07]
[ 9.84930902e-09 -8.41439385e-07  5.11399055e-10 -4.01849443e-07 -7.14153491e-07 -3.45797999e-07 -4.98987525e-08]
Numerical QM forces
[-0.07928181 -0.05270481 -0.02835593 -0.00607048  0.01430034  0.032891    0.04982306]
[-0.05552619 -0.0418907  -0.02887761 -0.0164759  -0.00467081  0.0065555   0.01722339]
[-0.02811024 -0.02356473 -0.01863154 -0.01333691 -0.0077087  -0.00177598  0.00443122]
Analytical QM forces
[-0.07928246 -0.05270539 -0.02835646 -0.00607096  0.01429992  0.03289062  0.04982273]
[-0.05552602 -0.04189055 -0.02887748 -0.0164758  -0.00467074  0.00655557  0.01722344]
[-0.02811031 -0.02356479 -0.01863157 -0.01333696 -0.00770874 -0.001776    0.00443121]
Difference QM forces
[-6.49545371e-07 -5.88026748e-07 -5.35464590e-07 -4.79001997e-07 -4.24957820e-07 -3.80985120e-07 -3.36256158e-07]
[1.74916940e-07 1.49556262e-07 1.32964916e-07 9.94547508e-08 7.68034907e-08 6.53542213e-08 5.04051137e-08]
[-6.67903474e-08 -5.86242359e-08 -3.47788524e-08 -4.48475878e-08 -4.74708029e-08 -2.45127860e-08 -1.56634586e-08]
Difference without QM forces
[ 8.74013118e-07 -1.82340206e-07  5.62813338e-07  8.55937992e-07  2.54483085e-07  4.02068968e-08 -1.72799010e-07]
[ 9.49277316e-07  6.78332728e-07  2.21455241e-07  7.99116402e-08  1.17589357e-06 -8.38237629e-07 -1.69846080e-07]
[ 7.66396565e-08 -7.82815149e-07  3.52902515e-08 -3.57001856e-07 -6.66682688e-07 -3.21285213e-07 -3.42352939e-08]
R_vals
[ 0.0045  0.003   0.0015  0.     -0.0015 -0.003  -0.0045]
dR =  -0.02834589186847592 bohr =  -0.0014999999999999998 nm
