dR =  -0.02834589186847592 bohr =  -0.0014999999999999998 nm
Numerical forces
[0.00311052 0.00475616 0.00642967 0.00813228 0.00986496 0.01162825 0.01342253]
[-0.07627863 -0.0704392  -0.06430229 -0.05773304 -0.05059687 -0.04276071 -0.03409201]
[0.00154755 0.00361916 0.00569365 0.00777251 0.00985663 0.01194733 0.01404545]
Analytical forces
[0.00311079 0.00475621 0.00642967 0.00813229 0.00986495 0.01162826 0.01342255]
[-0.07627867 -0.07043923 -0.06430231 -0.05773302 -0.05059709 -0.04276097 -0.03409182]
[0.00154751 0.00361932 0.00569379 0.00777245 0.0098566  0.0119473  0.0140454 ]
Difference forces
[ 2.78642366e-07  4.45855480e-08 -7.72559604e-09  1.54979808e-08 -4.81713014e-09  4.92863667e-09  2.69631290e-08]
[-4.93642043e-08 -3.29703662e-08 -1.96501249e-08  2.24022507e-08 -2.17377229e-07 -2.53617558e-07  1.81243890e-07]
[-3.43137108e-08  1.62599768e-07  1.42556765e-07 -5.88229061e-08 -3.50850734e-08 -3.55899327e-08 -4.36556974e-08]
Numerical MM forces
[0.00440289 0.00578644 0.0072009  0.00864797 0.01012913 0.01164541 0.01319761]
[-0.07229525 -0.06720675 -0.06178004 -0.05588101 -0.04937613 -0.04213312 -0.03402038]
[0.00674586 0.00856004 0.01036309 0.01215694 0.01394303 0.01572317 0.01749879]
Analytical MM forces
[0.00440308 0.00578648 0.00720089 0.00864797 0.01012911 0.01164539 0.01319762]
[-0.07229527 -0.06720677 -0.06178006 -0.05588103 -0.04937631 -0.04213331 -0.03402026]
[0.00674584 0.00856018 0.01036322 0.01215692 0.01394303 0.01572317 0.01749879]
Difference MM forces
[ 1.91065315e-07  4.03802625e-08 -4.36997191e-09  5.78508593e-10 -2.44911538e-08 -2.49663576e-08  6.07906636e-09]
[-2.38020827e-08 -2.41781809e-08 -2.32597106e-08 -2.23779244e-08 -1.79722991e-07 -1.86625501e-07  1.14752035e-07]
[-2.47693209e-08  1.39414644e-07  1.39186932e-07 -2.02118250e-08 -6.46576279e-09 -5.01024256e-09 -7.79192871e-09]
Difference without MM forces
[ 8.75770513e-08  4.20528543e-09 -3.35562412e-09  1.49194722e-08  1.96740236e-08  2.98949942e-08  2.08840627e-08]
[-2.55621216e-08 -8.79218530e-09  3.60958571e-09  4.47801752e-08 -3.76542382e-08 -6.69920565e-08  6.64918550e-08]
[-9.54438988e-09  2.31851246e-08  3.36983315e-09 -3.86110811e-08 -2.86193106e-08 -3.05796902e-08 -3.58637687e-08]
R_vals
[ 0.0045  0.003   0.0015  0.     -0.0015 -0.003  -0.0045]
