dR =  -0.02834589186847592 bohr =  -0.0014999999999999998 nm
Numerical forces
[0.00310727 0.00474375 0.00642557 0.00814138 0.00987317 0.011622   0.01341848]
[-0.07627159 -0.07043325 -0.06430817 -0.05775822 -0.05058334 -0.04275136 -0.03410785]
[0.00155086 0.00361735 0.00568362 0.00777837 0.00986476 0.01195022 0.01403674]
Analytical forces
[0.00312861 0.00480592 0.00645176 0.00817725 0.00988936 0.01158834 0.01337232]
[-0.07634821 -0.07035223 -0.06422022 -0.0577033  -0.05052574 -0.04267966 -0.03400836]
[0.00144277 0.00352795 0.00565087 0.00773787 0.00981989 0.01192488 0.01397747]
Difference forces
[ 2.13428090e-05  6.21666321e-05  2.61991799e-05  3.58747085e-05  1.61926429e-05 -3.36644718e-05 -4.61606973e-05]
[-7.66150360e-05  8.10188365e-05  8.79446594e-05  5.49217702e-05  5.75925923e-05  7.16938632e-05  9.94865381e-05]
[-1.08094109e-04 -8.93982919e-05 -3.27533619e-05 -4.05022951e-05 -4.48653264e-05 -2.53395494e-05 -5.92697810e-05]
Numerical MM forces
[0.00440402 0.00578489 0.00720177 0.00864399 0.01013085 0.0116401  0.01320222]
[-0.07230179 -0.06720853 -0.06177993 -0.05588537 -0.04937537 -0.0421335  -0.03402722]
[0.00674574 0.00855472 0.01036414 0.01216356 0.01393809 0.01572428 0.01750044]
Analytical MM forces
[0.00440309 0.00578646 0.00720087 0.00864796 0.0101291  0.01164538 0.01319757]
[-0.07229522 -0.06720668 -0.06178004 -0.05588097 -0.04937618 -0.04213326 -0.03402015]
[0.00674576 0.00856011 0.01036317 0.01215687 0.01394299 0.01572314 0.01749878]
Difference MM forces
[-9.22294495e-07  1.56144220e-06 -9.06165443e-07  3.97013778e-06 -1.75362389e-06  5.28212647e-06 -4.65323030e-06]
[ 6.56903313e-06  1.85251682e-06 -1.14816940e-07  4.40842414e-06 -8.10963059e-07  2.40432172e-07  7.07040048e-06]
[ 2.48770097e-08  5.38908392e-06 -9.75397332e-07 -6.69232466e-06  4.89352577e-06 -1.14078840e-06 -1.66539252e-06]
Difference without MM forces
[ 2.22651035e-05  6.06051899e-05  2.71053453e-05  3.19045707e-05  1.79462668e-05 -3.89465983e-05 -4.15074670e-05]
[-8.31840691e-05  7.91663197e-05  8.80594764e-05  5.05133460e-05  5.84035554e-05  7.14534311e-05  9.24161376e-05]
[-1.08118986e-04 -9.47873758e-05 -3.17779645e-05 -3.38099704e-05 -4.97588522e-05 -2.41987610e-05 -5.76043885e-05]
R_vals
[ 0.0045  0.003   0.0015  0.     -0.0015 -0.003  -0.0045]