dR =  -0.02834589186847592 bohr =  -0.0014999999999999998 nm
Numerical forces
[0.00308082 0.0047257  0.00639858 0.00810047 0.00983245 0.01159512 0.01338863]
[-0.07629996 -0.07046059 -0.06432349 -0.057754   -0.05061783 -0.04278122 -0.03411149]
[0.00142384 0.00349774 0.00557429 0.00765503 0.00974112 0.01183386 0.01393398]
Analytical forces
[0.00308091 0.00472578 0.00639865 0.00810063 0.00983257 0.01159514 0.01338866]
[-0.07630004 -0.07046065 -0.06432364 -0.05775415 -0.05061787 -0.04278125 -0.03411151]
[0.00142382 0.00349771 0.00557426 0.00765498 0.00974116 0.0118339  0.01393402]
Difference forces
[9.14605475e-08 8.58207846e-08 6.87306252e-08 1.61596120e-07 1.16806443e-07 1.66188720e-08 2.63122047e-08]
[-7.78346436e-08 -5.96638535e-08 -1.49673809e-07 -1.54395594e-07 -3.49151369e-08 -3.07720244e-08 -1.31173681e-08]
[-2.15759741e-08 -2.64310997e-08 -3.24321296e-08 -5.25083970e-08  4.21272916e-08  3.46834483e-08  3.76579709e-08]
Numerical MM forces
[0.00438481 0.00576742 0.00718099 0.00862718 0.01010739 0.01162271 0.01317394]
[-0.07228067 -0.06719156 -0.06176422 -0.05586455 -0.04935918 -0.04211551 -0.03400178]
[0.00664245 0.00845875 0.01026374 0.01205935 0.01384735 0.01562936 0.01740684]
Analytical MM forces
[0.0043848  0.00576741 0.00718098 0.00862718 0.01010738 0.0116227  0.01317393]
[-0.07228069 -0.06719158 -0.06176425 -0.05586458 -0.04935921 -0.04211554 -0.03400181]
[0.00664244 0.00845874 0.01026373 0.01205934 0.01384734 0.01562935 0.01740684]
Difference MM forces
[-7.30562662e-09 -8.04713771e-09 -8.46690480e-09 -8.65354921e-09 -8.69856702e-09 -8.60260871e-09 -8.10307078e-09]
[-2.18492061e-08 -2.36443921e-08 -2.54459562e-08 -2.74106887e-08 -2.96310461e-08 -3.20310021e-08 -3.46542901e-08]
[-5.28569928e-09 -5.94386743e-09 -6.45795879e-09 -6.71252147e-09 -6.77838254e-09 -6.65055244e-09 -6.25939243e-09]
Difference without MM forces
[9.87661741e-08 9.38679223e-08 7.71975300e-08 1.70249669e-07 1.25505010e-07 2.52214807e-08 3.44152755e-08]
[-5.59854375e-08 -3.60194614e-08 -1.24227853e-07 -1.26984905e-07 -5.28409079e-09  1.25897769e-09  2.15369219e-08]
[-1.62902748e-08 -2.04872322e-08 -2.59741708e-08 -4.57958756e-08  4.89056741e-08  4.13340008e-08  4.39173633e-08]
R_vals
[ 0.0045  0.003   0.0015  0.     -0.0015 -0.003  -0.0045]
