5.000000000000000000e+00 1.288122588106670907e+00 -1.294878833969090648e+00 -1.295760958904830895e+00 -1.294998093010478524e+00
1.505050505050505016e+01 3.736536948111828238e-01 -3.742963708227052266e-01 -3.743246324392214830e-01 -3.742970022163258359e-01
2.510101010101010033e+01 2.185431610545728320e-01 -2.187691141136970108e-01 -2.187759373704173949e-01 -2.187691997757779949e-01
3.515151515151514872e+01 1.544372573382601643e-01 -1.545514435564677991e-01 -1.545542506249512060e-01 -1.545514690462223562e-01
4.520202020202020066e+01 1.194108765520070226e-01 -1.194795963107611464e-01 -1.194810762513953128e-01 -1.194796070360405194e-01
5.525252525252524549e+01 9.733542176332507512e-02 -9.738127562360221479e-02 -9.738217540170313047e-02 -9.738128109941664168e-02
6.530303030303029743e+01 8.214870021776560227e-02 -8.218145777073770919e-02 -8.218205756058402645e-02 -8.218146093243487715e-02
7.535353535353534937e+01 7.106140918255608729e-02 -7.108597404792235674e-02 -7.108640032987240120e-02 -7.108597603550580180e-02
8.540404040404040131e+01 6.261105683937265298e-02 -6.263015825949712345e-02 -6.263047582420118442e-02 -6.263015958924779414e-02
9.545454545454545325e+01 5.595688701091074135e-02 -5.597216396991062243e-02 -5.597240920230092676e-02 -5.597216490286782004e-02
1.055050505050505052e+02 5.058122773823783835e-02 -5.059372362646759325e-02 -5.059391843887728335e-02 -5.059372430603472498e-02
1.155555555555555571e+02 4.614790058489205704e-02 -4.615831107679829737e-02 -4.615846941114933738e-02 -4.615831158702979331e-02
1.256060606060605949e+02 4.242909155881574579e-02 -4.243789825942924365e-02 -4.243802938853424855e-02 -4.243789865222549751e-02
1.356565656565656468e+02 3.926494419915893541e-02 -3.927249107210430829e-02 -3.927260139270667000e-02 -3.927249138091126052e-02
1.457070707070706987e+02 3.653997822392427569e-02 -3.654651746827738967e-02 -3.654661153016903335e-02 -3.654651771543314387e-02
1.557575757575757507e+02 3.416869026801927500e-02 -3.417441099787643655e-02 -3.417449212239114659e-02 -3.417441119875947592e-02
1.658080808080808026e+02 3.208641970359884382e-02 -3.209146650715194449e-02 -3.209153717366289293e-02 -3.209146667262960384e-02
1.758585858585858546e+02 3.024336251750332077e-02 -3.024784782979232645e-02 -3.024790992545543095e-02 -3.024784796771992981e-02
1.859090909090909065e+02 2.860053621076546690e-02 -2.860454877877089894e-02 -2.860460376465808960e-02 -2.860454889494040351e-02
1.959595959595959584e+02 2.712699207565264295e-02 -2.713060288329744926e-02 -2.713065190775922411e-02 -2.713060298205527757e-02
2.060101010101010104e+02 2.579784702108246786e-02 -2.580111352086774529e-02 -2.580115749864446070e-02 -2.580111360552694161e-02
2.160606060606060623e+02 2.459286698495119841e-02 -2.459583617509026807e-02 -2.459587584363583448e-02 -2.459583624821188794e-02
2.261111111111111143e+02 2.349542963325961659e-02 -2.349814033175006908e-02 -2.349817629205598613e-02 -2.349814039533902957e-02
2.361616161616161662e+02 2.249175292883056135e-02 -2.249423747875105989e-02 -2.249427022541703944e-02 -2.249423753439497298e-02
2.462121212121211897e+02 2.157031332437283136e-02 -2.157259888971058484e-02 -2.157262883341995452e-02 -2.157259893867987180e-02
2.562626262626262132e+02 2.072140134019707230e-02 -2.072351090248630845e-02 -2.072353838702878023e-02 -2.072351094580722475e-02
2.663131313131312936e+02 1.993677811157710394e-02 -1.993873124494518340e-02 -1.993875656026743506e-02 -1.993873128345415371e-02
2.763636363636363740e+02 1.920940711929165073e-02 -1.921122059933398282e-02 -1.921124399165631200e-02 -1.921122063371806521e-02
2.864141414141413975e+02 1.853324257831502619e-02 -1.853493086492560143e-02 -1.853495254466552833e-02 -1.853493089575363947e-02
2.964646464646464779e+02 1.790306099886710203e-02 -1.790463662244919790e-02 -1.790465677048531587e-02 -1.790463665019506947e-02
3.065151515151515014e+02 1.731432598184649146e-02 -1.731579985472971733e-02 -1.731581862739816832e-02 -1.731579987979099677e-02
3.165656565656565817e+02 1.676307884189380884e-02 -1.676446051132737813e-02 -1.676447804443892756e-02 -1.676446053403955055e-02
3.266161616161616053e+02 1.624584947963774589e-02 -1.624714733475843970e-02 -1.624716374685305359e-02 -1.624714735540616628e-02
3.366666666666666856e+02 1.575958326046142735e-02 -1.576080470271669018e-02 -1.576082009771901521e-02 -1.576080472154281140e-02
3.467171717171717091e+02 1.530158064352672709e-02 -1.530273222786565981e-02 -1.530274669726588641e-02 -1.530273224507827656e-02
3.567676767676767895e+02 1.486944704048001782e-02 -1.487053459299880580e-02 -1.487054821765515164e-02 -1.487053460877717920e-02
3.668181818181818130e+02 1.446105093709475556e-02 -1.446207965359373390e-02 -1.446209250523052339e-02 -1.446207966809287537e-02
3.768686868686868934e+02 1.407448873169596035e-02 -1.407546326066603376e-02 -1.407547540312590467e-02 -1.407546327402055784e-02
3.869191919191919169e+02 1.370805506624945061e-02 -1.370897957908407717e-02 -1.370899106938003320e-02 -1.370897959141141771e-02
3.969696969696969973e+02 1.336021767449193515e-02 -1.336109592516156880e-02 -1.336110681436495501e-02 -1.336109593656444397e-02
4.070202020202020208e+02 1.302959596462642013e-02 -1.303043134061509546e-02 -1.303044167460882911e-02 -1.303043135118366405e-02
4.170707070707071011e+02 1.271494270527657143e-02 -1.271573827123778817e-02 -1.271574809135799303e-02 -1.271573828105145368e-02
4.271212121212121247e+02 1.241512830248191028e-02 -1.241588683779952518e-02 -1.241589618138447433e-02 -1.241588684692855778e-02
4.371717171717172050e+02 1.212912724991365571e-02 -1.212985128113832495e-02 -1.212986018199956398e-02 -1.212985128964494050e-02
4.472222222222222285e+02 1.185600640975814635e-02 -1.185669823871633374e-02 -1.185670672754499805e-02 -1.185669824665584217e-02
4.572727272727273089e+02 1.159491484206418878e-02 -1.159557657029885482e-02 -1.159558467501710724e-02 -1.159557657772058124e-02
4.673232323232323324e+02 1.134507494899675978e-02 -1.134570849908640017e-02 -1.134571624515237805e-02 -1.134570850603437535e-02
4.773737373737374128e+02 1.110577473985070729e-02 -1.110638187406194979e-02 -1.110638928473548122e-02 -1.110638188057567338e-02
4.874242424242423795e+02 1.087636105476229645e-02 -1.087694339141742975e-02 -1.087695048799201120e-02 -1.087694339753239071e-02
4.974747474747474598e+02 1.065623361129630457e-02 -1.065679263917576267e-02 -1.065679944118172809e-02 -1.065679264492382441e-02
5.075252525252524833e+02 1.044483975964156409e-02 -1.044537685069095098e-02 -1.044538337607415872e-02 -1.044537685610087349e-02
5.175757575757575069e+02 1.024166984992934057e-02 -1.024218627049954845e-02 -1.024219253577876403e-02 -1.024218627559739248e-02
5.276262626262625872e+02 1.004625312991695718e-02 -1.004675005073135848e-02 -1.004675607113709665e-02 -1.004675005554067635e-02
5.376767676767676676e+02 9.858154103525274339e-03 -9.858632608538829556e-03 -9.858638398136363584e-03 -9.858632613080894197e-03
5.477272727272726343e+02 9.676969290939151785e-03 -9.677430385230237353e-03 -9.677435957029143290e-03 -9.677430389524606033e-03
5.577777777777777146e+02 9.502324339540407436e-03 -9.502768956357371746e-03 -9.502774322408294796e-03 -9.502768960421667521e-03
5.678282828282827950e+02 9.333871442137457383e-03 -9.334300449202479269e-03 -9.334305620684017410e-03 -9.334300453052833332e-03
5.778787878787877617e+02 9.171287025022513764e-03 -9.171701230183194539e-03 -9.171706217479364334e-03 -9.171701233834438777e-03
5.879292929292928420e+02 9.014269673519162418e-03 -9.014669829825397093e-03 -9.014674642594710380e-03 -9.014669833290954795e-03
5.979797979797979224e+02 8.862538267037632991e-03 -8.862925077310138122e-03 -8.862929724547998281e-03 -8.862925080602353581e-03
6.080303030303030027e+02 8.715830299360823388e-03 -8.716204420310203274e-03 -8.716208910404886490e-03 -8.716204423440527399e-03
6.180808080808079694e+02 8.573900363046801573e-03 -8.574262408994056534e-03 -8.574266749776879998e-03 -8.574262411972942768e-03
6.281313131313130498e+02 8.436518779539969523e-03 -8.436869325782386797e-03 -8.436873524573099484e-03 -8.436869328619367447e-03
6.381818181818181301e+02 8.303470358905639878e-03 -8.303809944766659540e-03 -8.303814008414785869e-03 -8.303809947470694452e-03
6.482323232323232105e+02 8.174553275100488597e-03 -8.174882406698519982e-03 -8.174886341620201877e-03 -8.174882409277748480e-03
6.582828282828281772e+02 8.049578044414470307e-03 -8.049897197179422398e-03 -8.049901009391272413e-03 -8.049897199641385323e-03
6.683333333333332575e+02 7.928366596209214870e-03 -7.928676217173689575e-03 -7.928679912323429585e-03 -7.928676219525409088e-03
6.783838383838383379e+02 7.810751426368505931e-03 -7.811051936256810206e-03 -7.811055519651053866e-03 -7.811051938504800195e-03
6.884343434343433046e+02 7.696574824997371930e-03 -7.696866620132828025e-03 -7.696870096762372174e-03 -7.696866622283065479e-03
6.984848484848483849e+02 7.585688170881685691e-03 -7.585971624930226871e-03 -7.585974999493272537e-03 -7.585971626988295864e-03
7.085353535353534653e+02 7.477951286071080061e-03 -7.478226751637542281e-03 -7.478230028560809740e-03 -7.478226753608651321e-03
7.185858585858585457e+02 7.373231844691471339e-03 -7.373499654782842035e-03 -7.373502838240843585e-03 -7.373499656671815387e-03
7.286363636363635123e+02 7.271404830744713013e-03 -7.271665300112982282e-03 -7.271668394045754588e-03 -7.271665301924324157e-03
7.386868686868685927e+02 7.172352040224133814e-03 -7.172605466600265670e-03 -7.172608474729590296e-03 -7.172605468338180169e-03
7.487373737373736731e+02 7.075961623377018811e-03 -7.076208288606159434e-03 -7.076211214450457178e-03 -7.076208290274568768e-03
7.587878787878787534e+02 6.982127663387292446e-03 -6.982367834474361747e-03 -6.982370681362344046e-03 -6.982367836076889753e-03
7.688383838383837201e+02 6.890749788141910075e-03 -6.890983718215531149e-03 -6.890986489298923413e-03 -6.890983719755636866e-03
7.788888888888888005e+02 6.801732812089232236e-03 -6.801960741291748595e-03 -6.801963439556741979e-03 -6.801960742772586617e-03
7.889393939393938808e+02 6.714986405502925554e-03 -6.715208561812471832e-03 -6.715211190090612965e-03 -6.715208563237091803e-03
7.989898989898989612e+02 6.630424788735579666e-03 -6.630641388726803837e-03 -6.630643949704718813e-03 -6.630641390097993457e-03
8.090404040404039279e+02 6.547966449286549487e-03 -6.548177698834710229e-03 -6.548180195063348953e-03 -6.548177700155115820e-03
8.190909090909090082e+02 6.467533879722361934e-03 -6.467739974656025286e-03 -6.467742408559071406e-03 -6.467739975928116225e-03
8.291414141414140886e+02 6.389053334678414763e-03 -6.389254461384866537e-03 -6.389256835266615697e-03 -6.389254462610991642e-03
8.391919191919191690e+02 6.312454605340602626e-03 -6.312650941328139947e-03 -6.312653257380662457e-03 -6.312650942510438998e-03
8.492424242424241356e+02 6.237670809957289453e-03 -6.237862524377526911e-03 -6.237864784687592763e-03 -6.237862525518127546e-03
8.592929292929292160e+02 6.164638199067777949e-03 -6.164825453201899265e-03 -6.164827659757014106e-03 -6.164825454302702741e-03
8.693434343434342964e+02 6.093295974255135208e-03 -6.093478921966215441e-03 -6.093481076660612304e-03 -6.093478923029076177e-03
8.793939393939393767e+02 6.023586119340262543e-03 -6.023764907495034876e-03 -6.023767012134954683e-03 -6.023764908521639892e-03
8.894444444444443434e+02 5.955453243032182362e-03 -5.955628011894116905e-03 -5.955630068202970133e-03 -5.955628012886108984e-03
8.994949494949494238e+02 5.888844432137599859e-03 -5.889015315733945113e-03 -5.889017325356944374e-03 -5.889015316692863822e-03
9.095454545454545041e+02 5.823709114512178216e-03 -5.823876240976705136e-03 -5.823878205485275711e-03 -5.823876241904023254e-03
9.195959595959595845e+02 5.759998931007533768e-03 -5.760162422900991230e-03 -5.760164343796815578e-03 -5.760162423798075720e-03
9.296464646464645512e+02 5.697667615732512729e-03 -5.697827590342320093e-03 -5.697829469061200212e-03 -5.697827591210469396e-03
9.396969696969696315e+02 5.636670884005696644e-03 -5.636827453626548287e-03 -5.636829291541965367e-03 -5.636827454466990586e-03
9.497474747474747119e+02 5.576966327428856639e-03 -5.577119599625602817e-03 -5.577121398052046174e-03 -5.577119600439484765e-03
9.597979797979797922e+02 5.518513315558925408e-03 -5.518663393412935082e-03 -5.518665153609100121e-03 -5.518663394201388586e-03
9.698484848484846452e+02 5.461272903699366729e-03 -5.461419886039789624e-03 -5.461421609211431459e-03 -5.461419886803862457e-03
9.798989898989897256e+02 5.405207746371202236e-03 -5.405351727991958462e-03 -5.405353415294676146e-03 -5.405351728732648957e-03
9.899494949494948060e+02 5.350282016059700052e-03 -5.350423087923352611e-03 -5.350424740465165203e-03 -5.350423088641606192e-03
1.000000000000000000e+03 5.296461326865219491e-03 -5.296599576294635202e-03 -5.296601195138374817e-03 -5.296599576991320099e-03
