5.000000000000000000e+00 1.038717478979980458e+00 -1.039675174507059374e+00 -1.038998020155090796e+00 -1.039680730586320045e+00
1.505050505050505016e+01 3.508574973988533019e-01 -3.508978977777846842e-01 -3.508702306117695291e-01 -3.508975540203145838e-01
2.510101010101010033e+01 2.106584025582734221e-01 -2.106672105471726619e-01 -2.106611932917143992e-01 -2.106671246177518886e-01
3.515151515151514872e+01 1.504832412533063102e-01 -1.504864584042290843e-01 -1.504842620451999347e-01 -1.504864259052108022e-01
4.520202020202020066e+01 1.170418278550872937e-01 -1.170433427650012098e-01 -1.170423088146761714e-01 -1.170433272456101598e-01
5.525252525252524549e+01 9.575921952318240671e-02 -9.576004953776733053e-02 -9.575948311801277257e-02 -9.576004097477044952e-02
6.530303030303029743e+01 8.102496027882080676e-02 -8.102546320489667497e-02 -8.102512002470155239e-02 -8.102545799546190253e-02
7.535353535353534937e+01 7.021998289277840699e-02 -7.022031030501803273e-02 -7.022008690085067284e-02 -7.022030690505934314e-02
8.540404040404040131e+01 6.195752796438543097e-02 -6.195775288977740936e-02 -6.195759942089014427e-02 -6.195775055015518423e-02
9.545454545454545325e+01 5.543468664480775965e-02 -5.543484775815573501e-02 -5.543473783144969858e-02 -5.543484608032218930e-02
1.055050505050505052e+02 5.015440932405127589e-02 -5.015452865038367430e-02 -5.015444723610425898e-02 -5.015452740665748976e-02
1.155555555555555571e+02 4.579253243164432829e-02 -4.579262325751738694e-02 -4.579256128939792475e-02 -4.579262231024160829e-02
1.256060606060605949e+02 4.212862641720756945e-02 -4.212869714177819996e-02 -4.212864888872716596e-02 -4.212869640378696240e-02
1.356565656565656468e+02 3.900757617209688749e-02 -3.900763231506914480e-02 -3.900759401086002082e-02 -3.900763172900564152e-02
1.457070707070706987e+02 3.631705868200263421e-02 -3.631710399143024681e-02 -3.631707307872703711e-02 -3.631710351830916284e-02
1.557575757575757507e+02 3.397373888034316974e-02 -3.397377597344600209e-02 -3.397375066652055797e-02 -3.397377558602228398e-02
1.658080808080808026e+02 3.191448518725483602e-02 -3.191451593633035794e-02 -3.191449495773118067e-02 -3.191451561510093293e-02
1.758585858585858546e+02 3.009059689271747010e-02 -3.009062266574533129e-02 -3.009060508212231880e-02 -3.009062239645319756e-02
1.859090909090909065e+02 2.846390377262437293e-02 -2.846392558787544380e-02 -2.846391070448507643e-02 -2.846392535990333733e-02
1.959595959595959584e+02 2.700406585139920532e-02 -2.700408447945490745e-02 -2.700407177055056535e-02 -2.700408428476527151e-02
2.060101010101010104e+02 2.568666350043787017e-02 -2.568667953310977553e-02 -2.568666859491715998e-02 -2.568667936552783415e-02
2.160606060606060623e+02 2.449182054941871287e-02 -2.449183444729398015e-02 -2.449182496557071598e-02 -2.449183430201274173e-02
2.261111111111111143e+02 2.340319458073643680e-02 -2.340320670660082578e-02 -2.340319843383216469e-02 -2.340320657983326405e-02
2.361616161616161662e+02 2.240722503065432913e-02 -2.240723567339116332e-02 -2.240722841248385735e-02 -2.240723556212084744e-02
2.462121212121211897e+02 2.149256543607889341e-02 -2.149257482802233166e-02 -2.149256842046493726e-02 -2.149257472982309125e-02
2.562626262626262132e+02 2.064964927566815059e-02 -2.064965760538322107e-02 -2.064965192252645604e-02 -2.064965751828564539e-02
2.663131313131312936e+02 1.987035411508646793e-02 -1.987036153690253937e-02 -1.987035647345478107e-02 -1.987036145929438682e-02
2.763636363636363740e+02 1.914773903270369781e-02 -1.914774567391025820e-02 -1.914774114302817201e-02 -1.914774560446177651e-02
2.864141414141413975e+02 1.847583732641680521e-02 -1.847584329275520770e-02 -1.847583922229683456e-02 -1.847584323036158965e-02
2.964646464646464779e+02 1.784949138357883741e-02 -1.784949676347554262e-02 -1.784949309311209195e-02 -1.784949670721272530e-02
3.065151515151515014e+02 1.726422003691031187e-02 -1.726422490477063157e-02 -1.726422158373932050e-02 -1.726422485386106681e-02
3.165656565656565817e+02 1.671611118702383270e-02 -1.671611560581741721e-02 -1.671611259115747539e-02 -1.671611555960302031e-02
3.266161616161616053e+02 1.620173424932287373e-02 -1.620173827262964134e-02 -1.620173552778645526e-02 -1.620173823055040194e-02
3.366666666666666856e+02 1.571806828271533896e-02 -1.571807195635677168e-02 -1.571806945006891040e-02 -1.571807191793371528e-02
3.467171717171717091e+02 1.526244261820667268e-02 -1.526244598155570599e-02 -1.526244368696127833e-02 -1.526244594637733189e-02
3.567676767676767895e+02 1.483248752251622657e-02 -1.483249060955652010e-02 -1.483248850347041251e-02 -1.483249057726750315e-02
3.668181818181818130e+02 1.442609297212045158e-02 -1.442609581230775567e-02 -1.442609387463402587e-02 -1.442609578260013736e-02
3.768686868686868934e+02 1.404137402372065621e-02 -1.404137664268782608e-02 -1.404137485593871110e-02 -1.404137661529369918e-02
3.869191919191919169e+02 1.367664158174116372e-02 -1.367664400187862221e-02 -1.367664235077845070e-02 -1.367664397656382334e-02
3.969696969696969973e+02 1.333037760638695890e-02 -1.333037984732246550e-02 -1.333037831848041428e-02 -1.333037982388183065e-02
4.070202020202020208e+02 1.300121399472874487e-02 -1.300121607372676895e-02 -1.300121465536431022e-02 -1.300121605197970300e-02
4.170707070707071011e+02 1.268791451524607303e-02 -1.268791644754097003e-02 -1.268791512926465206e-02 -1.268791642732823230e-02
4.271212121212121247e+02 1.238935929288794043e-02 -1.238936109196396400e-02 -1.238935986457430534e-02 -1.238936107314455096e-02
4.371717171717172050e+02 1.210453143420804102e-02 -1.210453311203513703e-02 -1.210453196736577773e-02 -1.210453309448385195e-02
4.472222222222222285e+02 1.183250545592176919e-02 -1.183250702315505158e-02 -1.183250595393668669e-02 -1.183250700676052869e-02
4.572727272727273089e+02 1.157243723942570808e-02 -1.157243870557519809e-02 -1.157243770531972069e-02 -1.157243869023794058e-02
4.673232323232323324e+02 1.132355528155677693e-02 -1.132355665513179975e-02 -1.132355571803384323e-02 -1.132355664076285448e-02
4.773737373737374128e+02 1.108515305055964711e-02 -1.108515433919273797e-02 -1.108515346004508573e-02 -1.108515432571221919e-02
4.874242424242423795e+02 1.085658228774235429e-02 -1.085658349829526741e-02 -1.085658267241659813e-02 -1.085658348563147205e-02
4.974747474747474598e+02 1.063724712108186921e-02 -1.063724825973731518e-02 -1.063724748290955160e-02 -1.063724824782556234e-02
5.075252525252524833e+02 1.042659887822834121e-02 -1.042659995056896029e-02 -1.042659921898342681e-02 -1.042659993935086613e-02
5.175757575757575069e+02 1.022413150384091605e-02 -1.022413251491782228e-02 -1.022413182512847858e-02 -1.022413250434059395e-02
5.276262626262625872e+02 1.002937750067494846e-02 -1.002937845506743191e-02 -1.002937780395010518e-02 -1.002937844508312165e-02
5.376767676767676676e+02 9.841904325890151947e-03 -9.841905227757416844e-03 -9.841904612474569602e-03 -9.841905218322576782e-03
5.477272727272726343e+02 9.661311184109013309e-03 -9.661312037235780456e-03 -9.661311455205323639e-03 -9.661312028310770419e-03
5.577777777777777146e+02 9.487226167183343203e-03 -9.487226975019464117e-03 -9.487226423887785628e-03 -9.487226966568189715e-03
5.678282828282827950e+02 9.319303697712565809e-03 -9.319304463407982603e-03 -9.319303941026080979e-03 -9.319304455397494497e-03
5.778787878787877617e+02 9.157222239334157979e-03 -9.157222965769555925e-03 -9.157222470172159470e-03 -9.157222958169822583e-03
5.879292929292928420e+02 9.000682241863736804e-03 -9.000682931677944296e-03 -9.000682461064734435e-03 -9.000682924461303816e-03
5.979797979797979224e+02 8.849404293654633546e-03 -8.849404949268415560e-03 -8.849404501987855748e-03 -8.849404942409523633e-03
6.080303030303030027e+02 8.703127457200364112e-03 -8.703128080837682981e-03 -8.703127655372516411e-03 -8.703128074313302986e-03
6.180808080808079694e+02 8.561607767122489387e-03 -8.561608360829477474e-03 -8.561607955783756552e-03 -8.561608354618176903e-03
6.281313131313130498e+02 8.424616872356141539e-03 -8.424617438017782331e-03 -8.424617052105521850e-03 -8.424617432099894623e-03
6.381818181818181301e+02 8.291940806636928507e-03 -8.291941345992216369e-03 -8.291940978026997311e-03 -8.291941340349495704e-03
6.482323232323232105e+02 8.163378873364671162e-03 -8.163379388019776153e-03 -8.163379036905830943e-03 -8.163379382635473774e-03
6.582828282828281772e+02 8.038742632620084552e-03 -8.038743124060502426e-03 -8.038742788784372650e-03 -8.038743118919068273e-03
6.683333333333332575e+02 7.917854979581202823e-03 -7.917855449182421845e-03 -7.917855128805696696e-03 -7.917855444269440365e-03
6.783838383838383379e+02 7.800549304860746394e-03 -7.800549753897834289e-03 -7.800549447550625404e-03 -7.800549749199989745e-03
6.884343434343433046e+02 7.686668728392756500e-03 -7.686669158049106061e-03 -7.686668864924056654e-03 -7.686669153553996048e-03
6.984848484848483849e+02 7.576065399460398669e-03 -7.576065810835449013e-03 -7.576065530182490675e-03 -7.576065806531592263e-03
7.085353535353534653e+02 7.468599856297597310e-03 -7.468600250413925425e-03 -7.468599981535426965e-03 -7.468600246290636908e-03
7.185858585858585457e+02 7.364140439431905716e-03 -7.364140817241627592e-03 -7.364140559488010530e-03 -7.364140813288906628e-03
7.286363636363635123e+02 7.262562753579664999e-03 -7.262563115970051796e-03 -7.262562868736006060e-03 -7.262563112178664453e-03
7.386868686868685927e+02 7.163749173469321878e-03 -7.163749521268171494e-03 -7.163749283988939641e-03 -7.163749517629438950e-03
7.487373737373736731e+02 7.067588389465298201e-03 -7.067588723445567857e-03 -7.067588495593815634e-03 -7.067588719951413238e-03
7.587878787878787534e+02 6.973974989302197426e-03 -6.973975310186369091e-03 -6.973975091269186966e-03 -6.973975306829207320e-03
7.688383838383837201e+02 6.882809072625064098e-03 -6.882809381088960017e-03 -6.882809170645288847e-03 -6.882809377861747249e-03
7.788888888888888005e+02 6.793995895372473802e-03 -6.793996192048933243e-03 -6.793995989647020305e-03 -6.793996188945019415e-03
7.889393939393938808e+02 6.707445541341260260e-03 -6.707445826823278494e-03 -6.707445632058568058e-03 -6.707445823836480185e-03
7.989898989898989612e+02 6.623072618539449508e-03 -6.623072893383223983e-03 -6.623072705876257432e-03 -6.623072890507711655e-03
8.090404040404039279e+02 6.540795978171857171e-03 -6.540796242899436438e-03 -6.540796062294062033e-03 -6.540796240129769130e-03
8.190909090909090082e+02 6.460538454314408187e-03 -6.460538709416231533e-03 -6.460538535377853206e-03 -6.460538706747270127e-03
8.291414141414140886e+02 6.382226622521689104e-03 -6.382226868458822609e-03 -6.382226700672887290e-03 -6.382226865885748911e-03
8.391919191919191690e+02 6.305790575780527776e-03 -6.305790812986779813e-03 -6.305790651157323727e-03 -6.305790810505038438e-03
8.492424242424241356e+02 6.231163716372567669e-03 -6.231163945256365869e-03 -6.231163789104745589e-03 -6.231163942861678989e-03
8.592929292929292160e+02 6.158282562343352605e-03 -6.158282783289508074e-03 -6.158282632553195753e-03 -6.158282780977860672e-03
8.693434343434342964e+02 6.087086567395844083e-03 -6.087086780767163828e-03 -6.087086635198649121e-03 -6.087086778534783749e-03
8.793939393939393767e+02 6.017517953134393464e-03 -6.017518159273233837e-03 -6.017518018638943166e-03 -6.017518157116519793e-03
8.894444444444443434e+02 5.949521552682282034e-03 -5.949521751911847171e-03 -5.949521615991283305e-03 -5.949521749827425994e-03
8.994949494949494238e+02 5.883044664783248882e-03 -5.883044857408911699e-03 -5.883044725993735215e-03 -5.883044855393572414e-03
9.095454545454545041e+02 5.818036917576069333e-03 -5.818037103886492152e-03 -5.818036976779771170e-03 -5.818037101937226750e-03
9.195959595959595845e+02 5.754450141302164777e-03 -5.754450321570417359e-03 -5.754450198585854721e-03 -5.754450319684369618e-03
9.296464646464645512e+02 5.692238249270200473e-03 -5.692238423754744474e-03 -5.692238304716012477e-03 -5.692238421929218632e-03
9.396969696969696315e+02 5.631357126459495682e-03 -5.631357295405141350e-03 -5.631357180145217349e-03 -5.631357293637558742e-03
9.497474747474747119e+02 5.571764525196391468e-03 -5.571764688835112098e-03 -5.571764577195739004e-03 -5.571764687123054519e-03
9.597979797979797922e+02 5.513419967385141049e-03 -5.513420125936920393e-03 -5.513420017768010800e-03 -5.513420124278062447e-03
9.698484848484846452e+02 5.456284652817829789e-03 -5.456284806491333399e-03 -5.456284701650534162e-03 -5.456284804883509282e-03
9.798989898989897256e+02 5.400321373126892692e-03 -5.400321522120193028e-03 -5.400321420472378731e-03 -5.400321520561346227e-03
9.899494949494948060e+02 5.345494430979223777e-03 -5.345494575480482825e-03 -5.345494476897274388e-03 -5.345494573968620142e-03
1.000000000000000000e+03 5.291769564143099409e-03 -5.291769704331065680e-03 -5.291769608690525054e-03 -5.291769702864344838e-03
