5.000000000000000000e+00 1.062075432455002355e+00 -1.053715443941140695e+00 -1.053779219544378032e+00 -1.053733116787858082e+00
1.505050505050505016e+01 3.532079494594114744e-01 -3.523565026085512808e-01 -3.523576254984501221e-01 -3.523567185597413220e-01
2.510101010101010033e+01 2.114782866728383004e-01 -2.111806533561915167e-01 -2.111800260133589457e-01 -2.111806938664777533e-01
3.515151515151514872e+01 1.508954918892130292e-01 -1.507457109190480093e-01 -1.507451393028849396e-01 -1.507457257491449931e-01
4.520202020202020066e+01 1.172891351096976148e-01 -1.171992421074620760e-01 -1.171988078780346748e-01 -1.171992492365118016e-01
5.525252525252524549e+01 9.592387665735287172e-02 -9.586400947828721542e-02 -9.586368017164784150e-02 -9.586401346359285647e-02
6.530303030303029743e+01 8.114240379521026059e-02 -8.109969494897148468e-02 -8.109943972204095020e-02 -8.109969740499181623e-02
7.535353535353534937e+01 7.030794856608751919e-02 -7.027595519393618761e-02 -7.027575265761251688e-02 -7.027595681523307602e-02
8.540404040404040131e+01 6.202586550669857840e-02 -6.200100844127699046e-02 -6.200084425566493307e-02 -6.200100956790539214e-02
9.545454545454545325e+01 5.548930084974398880e-02 -5.546943394417805373e-02 -5.546929837004795083e-02 -5.546943475890398628e-02
1.055050505050505052e+02 5.019905397489285437e-02 -5.018281265220104342e-02 -5.018269891861831811e-02 -5.018281326047357299e-02
1.155555555555555571e+02 4.582970745499264503e-02 -4.581618281758106925e-02 -4.581608610003685272e-02 -4.581618328374119364e-02
1.256060606060605949e+02 4.216006080071323103e-02 -4.214862417177019788e-02 -4.214854095207823392e-02 -4.214862453689811883e-02
1.356565656565656468e+02 3.903450374729326711e-02 -3.902470645262284821e-02 -3.902463411064758386e-02 -3.902470674395180222e-02
1.457070707070706987e+02 3.634038347099620425e-02 -3.633189674398425162e-02 -3.633183329122577354e-02 -3.633189698014950564e-02
1.557575757575757507e+02 3.399413835571628989e-02 -3.398671580304128692e-02 -3.398665970468819214e-02 -3.398671599714424979e-02
1.658080808080808026e+02 3.193247703407127436e-02 -3.192593036562287045e-02 -3.192588041902425650e-02 -3.192593052709331858e-02
1.758585858585858546e+02 3.010658348186142502e-02 -3.010076634183746561e-02 -3.010072159177048026e-02 -3.010076647760221921e-02
1.859090909090909065e+02 2.847820256713515935e-02 -2.847299947853008245e-02 -2.847295915699254651e-02 -2.847299959377086812e-02
1.959595959595959584e+02 2.701693067572101190e-02 -2.701224930646071304e-02 -2.701221278913817914e-02 -2.701224940511615102e-02
2.060101010101010104e+02 2.569829972247677022e-02 -2.569406536462693486e-02 -2.569403213891423982e-02 -2.569406544973398474e-02
2.160606060606060623e+02 2.450239611499726786e-02 -2.449854767198625730e-02 -2.449851731315323342e-02 -2.449854774591714648e-02
2.261111111111111143e+02 2.341284816459424448e-02 -2.340933518688640205e-02 -2.340930734007585709e-02 -2.340933525151593989e-02
2.361616161616161662e+02 2.241607214623999450e-02 -2.241285260925158715e-02 -2.241282697571550520e-02 -2.241285266607732224e-02
2.462121212121211897e+02 2.150070307651903712e-02 -2.149774169266743806e-02 -2.149771801912445796e-02 -2.149774174289695999e-02
2.562626262626262132e+02 2.065715948195318702e-02 -2.065442640283682643e-02 -2.065440447315862113e-02 -2.065442644745317177e-02
2.663131313131312936e+02 1.987730675001479763e-02 -1.987477655744259233e-02 -1.987475618609511885e-02 -1.987477659725207443e-02
2.763636363636363740e+02 1.915419395943802894e-02 -1.915184487299531613e-02 -1.915182589982013239e-02 -1.915184490866455452e-02
2.864141414141413975e+02 1.848184613557785766e-02 -1.847965938439169106e-02 -1.847964167041784428e-02 -1.847965941647544685e-02
2.964646464646464779e+02 1.785509877437119544e-02 -1.785305809470880828e-02 -1.785304151876693918e-02 -1.785305812367209838e-02
3.065151515151515014e+02 1.726946493051481624e-02 -1.726755616076436350e-02 -1.726754061672852031e-02 -1.726755618699918685e-02
3.165656565656565817e+02 1.672102763090685743e-02 -1.671923838260907721e-02 -1.671922377713526073e-02 -1.671923840644761947e-02
3.266161616161616053e+02 1.620635215687601244e-02 -1.620467154565318271e-02 -1.620465779631384551e-02 -1.620467156737872769e-02
3.366666666666666856e+02 1.572241404217532279e-02 -1.572083246621061581e-02 -1.572081949994569294e-02 -1.572083248606571948e-02
3.467171717171717091e+02 1.526653959703551736e-02 -1.526504855357961078e-02 -1.526503630540396693e-02 -1.526504857177293263e-02
3.567676767676767895e+02 1.483635648759632809e-02 -1.483494842009776792e-02 -1.483493683201684774e-02 -1.483494843680976429e-02
3.668181818181818130e+02 1.442975244171294975e-02 -1.442842061177173479e-02 -1.442840963186693519e-02 -1.442842062715901305e-02
3.768686868686868934e+02 1.404484056377357931e-02 -1.404357894333929310e-02 -1.404356852499315245e-02 -1.404357895753818516e-02
3.869191919191919169e+02 1.367993005654887136e-02 -1.367873323672497143e-02 -1.367872333796216720e-02 -1.367873324985481240e-02
3.969696969696969973e+02 1.333350139159971900e-02 -1.333236450514504318e-02 -1.333235508806891734e-02 -1.333236451731051320e-02
4.070202020202020208e+02 1.300418515914856382e-02 -1.300310381433421314e-02 -1.300309484464350594e-02 -1.300310382562748154e-02
4.170707070707071011e+02 1.269074397661762617e-02 -1.268971420054455096e-02 -1.268970564711725119e-02 -1.268971421104708210e-02
4.271212121212121247e+02 1.239205695192313085e-02 -1.239107514175879186e-02 -1.239106697629220946e-02 -1.239107515154265308e-02
4.371717171717172050e+02 1.210710629031125363e-02 -1.210616917118340422e-02 -1.210616136788243702e-02 -1.210616918031276121e-02
4.472222222222222285e+02 1.183496570746577457e-02 -1.183407029597751195e-02 -1.183406283128292380e-02 -1.183407030450948048e-02
4.572727272727273089e+02 1.157479037093199145e-02 -1.157393394344104383e-02 -1.157392679579251349e-02 -1.157393395142660569e-02
4.673232323232323324e+02 1.132580813973294367e-02 -1.132498820468499229e-02 -1.132498135431372205e-02 -1.132498821216987132e-02
4.773737373737374128e+02 1.108731191082080840e-02 -1.108652618454533147e-02 -1.108651961329168607e-02 -1.108652619157047062e-02
4.874242424242423795e+02 1.085865291257744579e-02 -1.085789929805030911e-02 -1.085789298920358109e-02 -1.085789930465260247e-02
4.974747474747474598e+02 1.063923481140789835e-02 -1.063851137956541189e-02 -1.063850531772220394e-02 -1.063851138577817310e-02
5.075252525252524833e+02 1.042850851869604051e-02 -1.042781349194983782e-02 -1.042780766288863015e-02 -1.042781349780311576e-02
5.175757575757575069e+02 1.022596760290695600e-02 -1.022529934056292528e-02 -1.022529373113289890e-02 -1.022529934608387182e-02
5.276262626262625872e+02 1.003114422613263397e-02 -1.003050121146207424e-02 -1.003049580948445728e-02 -1.003050121667547340e-02
5.376767676767676676e+02 9.843605536447933013e-03 -9.842986365197314846e-03 -9.842981159376873457e-03 -9.842986370125482096e-03
5.477272727272726343e+02 9.662950457520380967e-03 -9.662353827675097123e-03 -9.662348807521866506e-03 -9.662353832338535162e-03
5.577777777777777146e+02 9.488806825359576494e-03 -9.488231528006239174e-03 -9.488226683764757266e-03 -9.488231532423552911e-03
5.678282828282827950e+02 9.320828829189281226e-03 -9.320273740340398808e-03 -9.320269062926692452e-03 -9.320273744528623228e-03
5.778787878787877617e+02 9.158694719411313717e-03 -9.158158792676757143e-03 -9.158154273621484792e-03 -9.158158796651444042e-03
5.879292929292928420e+02 9.002104750695426316e-03 -9.001587010699628813e-03 -9.001582642097149048e-03 -9.001587014475171192e-03
5.979797979797979224e+02 8.850779332528067173e-03 -8.850278868986758904e-03 -8.850274643448579129e-03 -8.850278872576052697e-03
6.080303030303030027e+02 8.704457363212056431e-03 -8.703973325591106425e-03 -8.703969236204880944e-03 -8.703973329006318982e-03
6.180808080808079694e+02 8.562894726432776493e-03 -8.562426319125474028e-03 -8.562422359416831455e-03 -8.562426322377643395e-03
6.281313131313130498e+02 8.425862932180137876e-03 -8.425409410143554559e-03 -8.425405574042135401e-03 -8.425409413242898257e-03
6.381818181818181301e+02 8.293147886110267472e-03 -8.292708550911263854e-03 -8.292704832719712330e-03 -8.292708553867244800e-03
6.482323232323232105e+02 8.164548773405295307e-03 -8.164122969632012922e-03 -8.164119363997607293e-03 -8.164122972453263100e-03
6.582828282828281772e+02 8.039877044892689353e-03 -8.039464156892146482e-03 -8.039460658781373212e-03 -8.039464159586773989e-03
6.683333333333332575e+02 7.918955494658137459e-03 -7.918554943566608051e-03 -7.918551548241605995e-03 -7.918554946142131179e-03
6.783838383838383379e+02 7.801617419662202832e-03 -7.801228660697837915e-03 -7.801225363694899891e-03 -7.801228663161114893e-03
6.884343434343433046e+02 7.687705852979385447e-03 -7.687328372970163651e-03 -7.687325170080365651e-03 -7.687328375327633773e-03
6.984848484848483849e+02 7.577072863243194609e-03 -7.576706178367210651e-03 -7.576703065618414952e-03 -7.576706180624843100e-03
7.085353535353534653e+02 7.469578913722546565e-03 -7.469222567439300596e-03 -7.469219541079767828e-03 -7.469222569602667304e-03
7.185858585858585457e+02 7.365092275190494690e-03 -7.364745836344808311e-03 -7.364742892828068932e-03 -7.364745838419060539e-03
7.286363636363635123e+02 7.263488487390770340e-03 -7.263151548472505936e-03 -7.263148684443618622e-03 -7.263151550462510452e-03
7.386868686868685927e+02 7.164649864473044728e-03 -7.164322040018273295e-03 -7.164319252300948952e-03 -7.164322041928518695e-03
7.487373737373736731e+02 7.068465040265000873e-03 -7.068145965384983395e-03 -7.068143250969925219e-03 -7.068145967219678985e-03
7.587878787878787534e+02 6.974828549687170538e-03 -6.974517878713652579e-03 -6.974515234747706224e-03 -6.974517880476731845e-03
7.688383838383837201e+02 6.883640443002870396e-03 -6.883337848239038693e-03 -6.883335272015164708e-03 -6.883337849934150626e-03
7.788888888888888005e+02 6.794805929937059764e-03 -6.794511100504547867e-03 -6.794508589452656275e-03 -6.794511102135145433e-03
7.889393939393938808e+02 6.708235051000255127e-03 -6.707947691773881796e-03 -6.707945243452256498e-03 -6.707947693343212399e-03
7.989898989898989612e+02 6.623842373621745966e-03 -6.623562204244180969e-03 -6.623559816331568532e-03 -6.623562205755299456e-03
8.090404040404039279e+02 6.541546710934468926e-03 -6.541273464904026093e-03 -6.541271135192212004e-03 -6.541273466359731441e-03
8.190909090909090082e+02 6.461270861265760827e-03 -6.461004285090748110e-03 -6.461002011477915384e-03 -6.461004286493751692e-03
8.291414141414140886e+02 6.382941366576832740e-03 -6.382681218991350519e-03 -6.382678999475635204e-03 -6.382681220344170285e-03
8.391919191919191690e+02 6.306488288262286288e-03 -6.306234339497991323e-03 -6.306232172171580969e-03 -6.306234340802936190e-03
8.492424242424241356e+02 6.231844998871328804e-03 -6.231597029980432377e-03 -6.231594913024287273e-03 -6.231597031239794783e-03
8.592929292929292160e+02 6.158947988447004487e-03 -6.158705790672919927e-03 -6.158703722351470920e-03 -6.158705791888778938e-03
8.693434343434342964e+02 6.087736684300321111e-03 -6.087500058491411396e-03 -6.087498037147955066e-03 -6.087500059665773219e-03
8.793939393939393767e+02 6.018153283144329208e-03 -6.017922039207894078e-03 -6.017920063260057302e-03 -6.017922040342591448e-03
8.894444444444443434e+02 5.950142594610426279e-03 -5.949916551003311960e-03 -5.949914618939029960e-03 -5.949916552100118633e-03
8.994949494949494238e+02 5.883651895256517515e-03 -5.883430878509874479e-03 -5.883428988883471211e-03 -5.883430879570445381e-03
9.095454545454545041e+02 5.818630792255425309e-03 -5.818414636530713606e-03 -5.818412787959342108e-03 -5.818414637556643815e-03
9.195959595959595845e+02 5.755031096022883083e-03 -5.754819642696940366e-03 -5.754817833857167088e-03 -5.754819643689721743e-03
9.296464646464645512e+02 5.692806701108516637e-03 -5.692599798385372147e-03 -5.692598028010022355e-03 -5.692599799346407217e-03
9.396969696969696315e+02 5.631913474731123880e-03 -5.631710977278586890e-03 -5.631709244153805180e-03 -5.631710978209210523e-03
9.497474747474747119e+02 5.572309152391938594e-03 -5.572110921001130306e-03 -5.572109223963651013e-03 -5.572110921902659157e-03
9.597979797979797922e+02 5.513953240047011171e-03 -5.513759141313393300e-03 -5.513757479247775352e-03 -5.513759142186967950e-03
9.698484848484846452e+02 5.456806922362857776e-03 -5.456616828386631930e-03 -5.456615200223034062e-03 -5.456616829233439797e-03
9.798989898989897256e+02 5.400832976618571979e-03 -5.400646764723827931e-03 -5.400645169435525431e-03 -5.400646765544920257e-03
9.899494949494948060e+02 5.345995691853111347e-03 -5.345813244323711910e-03 -5.345811680925054848e-03 -5.345813245120123458e-03
1.000000000000000000e+03 5.292260792888658395e-03 -5.292081996720095043e-03 -5.292080464264478645e-03 -5.292081997492845830e-03
